[2024-12-03 09:28:58 INFO restartedMain] [com.green.greengramver2.GreenGramVer2Application] Starting GreenGramVer2Application using Java 17.0.13 with PID 1940 (D:\jju\GreenGramVer2\build\classes\java\main started by Administrator in D:\jju\GreenGramVer2)
[2024-12-03 09:28:58 INFO restartedMain] [com.green.greengramver2.GreenGramVer2Application] No active profile set, falling back to 1 default profile: "default"
[2024-12-03 09:28:58 INFO restartedMain] [org.springframework.boot.devtools.env.DevToolsPropertyDefaultsPostProcessor] Devtools property defaults active! Set 'spring.devtools.add-properties' to 'false' to disable
[2024-12-03 09:28:58 INFO restartedMain] [org.springframework.boot.devtools.env.DevToolsPropertyDefaultsPostProcessor] For additional web related logging consider setting the 'logging.level.web' property to 'DEBUG'
[2024-12-03 09:28:59 INFO restartedMain] [org.springframework.boot.web.embedded.tomcat.TomcatWebServer] Tomcat initialized with port 8080 (http)
[2024-12-03 09:28:59 INFO restartedMain] [org.apache.coyote.http11.Http11NioProtocol] Initializing ProtocolHandler ["http-nio-8080"]
[2024-12-03 09:28:59 INFO restartedMain] [org.apache.catalina.core.StandardService] Starting service [Tomcat]
[2024-12-03 09:28:59 INFO restartedMain] [org.apache.catalina.core.StandardEngine] Starting Servlet engine: [Apache Tomcat/10.1.33]
[2024-12-03 09:28:59 INFO restartedMain] [org.apache.catalina.core.ContainerBase.[Tomcat].[localhost].[/]] Initializing Spring embedded WebApplicationContext
[2024-12-03 09:28:59 INFO restartedMain] [org.springframework.boot.web.servlet.context.ServletWebServerApplicationContext] Root WebApplicationContext: initialization completed in 1220 ms
[2024-12-03 09:28:59 INFO restartedMain] [com.green.greengramver2.common.MyFileUtils] MyFileUtiles - 생성자: D:/mydownload/greengram_ver2
[2024-12-03 09:29:00 INFO restartedMain] [org.springframework.boot.autoconfigure.web.servlet.WelcomePageHandlerMapping] Adding welcome page: class path resource [static/index.html]
[2024-12-03 09:29:00 INFO restartedMain] [org.springframework.boot.devtools.autoconfigure.OptionalLiveReloadServer] LiveReload server is running on port 35729
[2024-12-03 09:29:00 INFO restartedMain] [org.apache.coyote.http11.Http11NioProtocol] Starting ProtocolHandler ["http-nio-8080"]
[2024-12-03 09:29:00 INFO restartedMain] [org.springframework.boot.web.embedded.tomcat.TomcatWebServer] Tomcat started on port 8080 (http) with context path '/'
[2024-12-03 09:29:00 INFO restartedMain] [com.green.greengramver2.GreenGramVer2Application] Started GreenGramVer2Application in 2.842 seconds (process running for 3.307)
[2024-12-03 09:29:04 INFO http-nio-8080-exec-1] [org.apache.catalina.core.ContainerBase.[Tomcat].[localhost].[/]] Initializing Spring DispatcherServlet 'dispatcherServlet'
[2024-12-03 09:29:04 INFO http-nio-8080-exec-1] [org.springframework.web.servlet.DispatcherServlet] Initializing Servlet 'dispatcherServlet'
[2024-12-03 09:29:04 INFO http-nio-8080-exec-1] [org.springframework.web.servlet.DispatcherServlet] Completed initialization in 1 ms
[2024-12-03 09:29:04 INFO http-nio-8080-exec-7] [com.green.greengramver2.feed.model.FeedGetReq] page: 1, size: null, signeduserId: 1
[2024-12-03 09:29:04 INFO http-nio-8080-exec-7] [com.green.greengramver2.feed.FeedController] FeedController > getFeedList > p: FeedGetReq(super=Paging(page=1, size=20, startIdx=0), signedUserId=1)
[2024-12-03 09:29:04 INFO http-nio-8080-exec-7] [com.zaxxer.hikari.HikariDataSource] HikariPool-1 - Starting...
[2024-12-03 09:29:04 INFO http-nio-8080-exec-7] [com.zaxxer.hikari.pool.HikariPool] HikariPool-1 - Added connection net.sf.log4jdbc.sql.jdbcapi.ConnectionSpy@172bbe0c
[2024-12-03 09:29:04 INFO http-nio-8080-exec-7] [com.zaxxer.hikari.HikariDataSource] HikariPool-1 - Start completed.
[2024-12-03 09:29:04 DEBUGhttp-nio-8080-exec-7] [jdbc.sqltiming]  com.zaxxer.hikari.pool.ProxyPreparedStatement.execute(ProxyPreparedStatement.java:44)
1. SELECT a.feed_id AS feedId, a.contents, a.location, a.created_at AS createdAt
             , b.user_id AS writerUserId
             , if(b.nick_name IS NULL, b.uid, b.nick_name) as writerNm 
             , b.pic as writerPic
             , IF(c.feed_id IS NULL, 0, 1) as isLike 
        FROM feed a
        JOIN user b
        ON a.writer_user_id = b.user_id
        LEFT JOIN feed_like c 
        ON a.feed_id = c.feed_id
        AND c.user_id = 1
        ORDER BY a.feed_id DESC
        LIMIT 0, 20
 {executed in 5 msec}
[2024-12-03 09:29:04 INFO http-nio-8080-exec-7] [jdbc.resultsettable] 
|--------|-------------|---------|--------------------|--------|---------|-----------------------------------------|-------|
|feed_id |contents     |location |created_at          |user_id |writernm |pic                                      |islike |
|--------|-------------|---------|--------------------|--------|---------|-----------------------------------------|-------|
|27      |I am panguin |남극       |2024-11-29 16:46:19 |1       |123      |96f23637-9456-4dd1-8132-03e495868fbc.jpg |1      |
|26      |며느리          |         |2024-11-29 16:27:19 |5       |오무하무     |null                                     |0      |
|25      |장원영          |대한민국     |2024-11-29 16:23:51 |5       |오무하무     |null                                     |1      |
|22      |르세라핌         |대한민국     |2024-11-29 16:17:06 |1       |123      |96f23637-9456-4dd1-8132-03e495868fbc.jpg |1      |
|13      |뉴진스          |대한민국     |2024-11-29 16:05:23 |1       |123      |96f23637-9456-4dd1-8132-03e495868fbc.jpg |1      |
|11      |에스파          |대한민국     |2024-11-29 14:45:31 |1       |123      |96f23637-9456-4dd1-8132-03e495868fbc.jpg |1      |
|10      |아이브          |대한민국     |2024-11-29 14:41:47 |1       |123      |96f23637-9456-4dd1-8132-03e495868fbc.jpg |1      |
|9       |토트넘 훗스퍼FC    |영국 런던    |2024-11-29 14:32:05 |1       |123      |96f23637-9456-4dd1-8132-03e495868fbc.jpg |1      |
|8       |삼성라이온즈       |삼성라이온즈파크 |2024-11-29 14:28:11 |1       |123      |96f23637-9456-4dd1-8132-03e495868fbc.jpg |1      |
|6       |             |         |2024-11-29 13:02:10 |1       |123      |96f23637-9456-4dd1-8132-03e495868fbc.jpg |0      |
|5       |확인           |대한민국     |2024-11-29 11:05:23 |1       |123      |96f23637-9456-4dd1-8132-03e495868fbc.jpg |1      |
|3       |피드넣어보기       |동성로      |2024-11-29 10:49:22 |1       |123      |96f23637-9456-4dd1-8132-03e495868fbc.jpg |0      |
|2       |null         |중앙로      |2024-11-29 10:36:24 |2       |111      |6b886ed8-8e1a-44f5-a45d-7831f7f9477f.jpg |1      |
|--------|-------------|---------|--------------------|--------|---------|-----------------------------------------|-------|

[2024-12-03 09:29:04 DEBUGhttp-nio-8080-exec-7] [jdbc.sqltiming]  com.zaxxer.hikari.pool.ProxyPreparedStatement.execute(ProxyPreparedStatement.java:44)
1. SELECT pic
        FROM feed_pics
        WHERE feed_id = 27
 {executed in 0 msec}
[2024-12-03 09:29:04 INFO http-nio-8080-exec-7] [jdbc.resultsettable] 
|-----------------------------------------|
|pic                                      |
|-----------------------------------------|
|b18cd2ea-adc9-438a-9ead-1a8b14ca1010.jpg |
|-----------------------------------------|

[2024-12-03 09:29:04 DEBUGhttp-nio-8080-exec-7] [jdbc.sqltiming]  com.zaxxer.hikari.pool.ProxyPreparedStatement.execute(ProxyPreparedStatement.java:44)
1. SELECT a.feed_comment_id as feedCommentId
             , a.comment
             , b.user_id as writerUserId
             , IF(b.nick_name IS NULL, b.uid, b.nick_name)
             , b.pic as writerPic
         FROM feed_comments a
        INNER JOIN user b
           ON a.user_id = b.user_id
        WHERE a.feed_id = 27
        ORDER BY a.feed_id desc
        LIMIT 0, 4
 {executed in 0 msec}
[2024-12-03 09:29:04 INFO http-nio-8080-exec-7] [jdbc.resultsettable] 
|----------------|----------|--------|--------------------------------------------|-----------------------------------------|
|feed_comment_id |comment   |user_id |if(b.nick_name is null, b.uid, b.nick_name) |pic                                      |
|----------------|----------|--------|--------------------------------------------|-----------------------------------------|
|1               |귀여워       |1       |123                                         |96f23637-9456-4dd1-8132-03e495868fbc.jpg |
|2               |나랑 같이 살래? |1       |123                                         |96f23637-9456-4dd1-8132-03e495868fbc.jpg |
|9               |ㅁㄴㅇㄹ      |1       |123                                         |96f23637-9456-4dd1-8132-03e495868fbc.jpg |
|10              |펭펭귄귄      |1       |123                                         |96f23637-9456-4dd1-8132-03e495868fbc.jpg |
|----------------|----------|--------|--------------------------------------------|-----------------------------------------|

[2024-12-03 09:29:04 DEBUGhttp-nio-8080-exec-7] [jdbc.sqltiming]  com.zaxxer.hikari.pool.ProxyPreparedStatement.execute(ProxyPreparedStatement.java:44)
1. SELECT pic
        FROM feed_pics
        WHERE feed_id = 26
 {executed in 0 msec}
[2024-12-03 09:29:04 INFO http-nio-8080-exec-7] [jdbc.resultsettable] 
|-----------------------------------------|
|pic                                      |
|-----------------------------------------|
|6a04709c-5370-451a-b1f7-5e3a7956e87f.jpg |
|-----------------------------------------|

[2024-12-03 09:29:04 DEBUGhttp-nio-8080-exec-7] [jdbc.sqltiming]  com.zaxxer.hikari.pool.ProxyPreparedStatement.execute(ProxyPreparedStatement.java:44)
1. SELECT a.feed_comment_id as feedCommentId
             , a.comment
             , b.user_id as writerUserId
             , IF(b.nick_name IS NULL, b.uid, b.nick_name)
             , b.pic as writerPic
         FROM feed_comments a
        INNER JOIN user b
           ON a.user_id = b.user_id
        WHERE a.feed_id = 26
        ORDER BY a.feed_id desc
        LIMIT 0, 4
 {executed in 0 msec}
[2024-12-03 09:29:04 INFO http-nio-8080-exec-7] [jdbc.resultsettable] 
|----------------|--------|--------|--------------------------------------------|-----------------------------------------|
|feed_comment_id |comment |user_id |if(b.nick_name is null, b.uid, b.nick_name) |pic                                      |
|----------------|--------|--------|--------------------------------------------|-----------------------------------------|
|3               |이쁘다     |1       |123                                         |96f23637-9456-4dd1-8132-03e495868fbc.jpg |
|----------------|--------|--------|--------------------------------------------|-----------------------------------------|

[2024-12-03 09:29:04 DEBUGhttp-nio-8080-exec-7] [jdbc.sqltiming]  com.zaxxer.hikari.pool.ProxyPreparedStatement.execute(ProxyPreparedStatement.java:44)
1. SELECT pic
        FROM feed_pics
        WHERE feed_id = 25
 {executed in 1 msec}
[2024-12-03 09:29:04 INFO http-nio-8080-exec-7] [jdbc.resultsettable] 
|-----------------------------------------|
|pic                                      |
|-----------------------------------------|
|b3075c03-b152-4b5e-b987-2ab61c257de2.jpg |
|-----------------------------------------|

[2024-12-03 09:29:04 DEBUGhttp-nio-8080-exec-7] [jdbc.sqltiming]  com.zaxxer.hikari.pool.ProxyPreparedStatement.execute(ProxyPreparedStatement.java:44)
1. SELECT a.feed_comment_id as feedCommentId
             , a.comment
             , b.user_id as writerUserId
             , IF(b.nick_name IS NULL, b.uid, b.nick_name)
             , b.pic as writerPic
         FROM feed_comments a
        INNER JOIN user b
           ON a.user_id = b.user_id
        WHERE a.feed_id = 25
        ORDER BY a.feed_id desc
        LIMIT 0, 4
 {executed in 0 msec}
[2024-12-03 09:29:04 INFO http-nio-8080-exec-7] [jdbc.resultsettable] 
|----------------|--------|--------|--------------------------------------------|-----------------------------------------|
|feed_comment_id |comment |user_id |if(b.nick_name is null, b.uid, b.nick_name) |pic                                      |
|----------------|--------|--------|--------------------------------------------|-----------------------------------------|
|4               |최고다     |1       |123                                         |96f23637-9456-4dd1-8132-03e495868fbc.jpg |
|----------------|--------|--------|--------------------------------------------|-----------------------------------------|

[2024-12-03 09:29:04 DEBUGhttp-nio-8080-exec-7] [jdbc.sqltiming]  com.zaxxer.hikari.pool.ProxyPreparedStatement.execute(ProxyPreparedStatement.java:44)
1. SELECT pic
        FROM feed_pics
        WHERE feed_id = 22
 {executed in 1 msec}
[2024-12-03 09:29:04 INFO http-nio-8080-exec-7] [jdbc.resultsettable] 
|-----------------------------------------|
|pic                                      |
|-----------------------------------------|
|0659edb7-0807-48b4-946d-36a75488615d.jpg |
|4b4cfb42-e1b7-4a4f-a8ac-65a15998eb4a.jpg |
|e7538cc7-4690-4e14-8ab8-846a78ae762d.jpg |
|f2458a2e-5f39-4589-bcf7-e5e41a11c286.jpg |
|f870fe48-ad36-4072-af8c-be94761b4b26.jpg |
|-----------------------------------------|

[2024-12-03 09:29:04 DEBUGhttp-nio-8080-exec-7] [jdbc.sqltiming]  com.zaxxer.hikari.pool.ProxyPreparedStatement.execute(ProxyPreparedStatement.java:44)
1. SELECT a.feed_comment_id as feedCommentId
             , a.comment
             , b.user_id as writerUserId
             , IF(b.nick_name IS NULL, b.uid, b.nick_name)
             , b.pic as writerPic
         FROM feed_comments a
        INNER JOIN user b
           ON a.user_id = b.user_id
        WHERE a.feed_id = 22
        ORDER BY a.feed_id desc
        LIMIT 0, 4
 {executed in 1 msec}
[2024-12-03 09:29:04 INFO http-nio-8080-exec-7] [jdbc.resultsettable] 
|----------------|--------|--------|--------------------------------------------|-----------------------------------------|
|feed_comment_id |comment |user_id |if(b.nick_name is null, b.uid, b.nick_name) |pic                                      |
|----------------|--------|--------|--------------------------------------------|-----------------------------------------|
|5               |와우      |1       |123                                         |96f23637-9456-4dd1-8132-03e495868fbc.jpg |
|----------------|--------|--------|--------------------------------------------|-----------------------------------------|

[2024-12-03 09:29:04 DEBUGhttp-nio-8080-exec-7] [jdbc.sqltiming]  com.zaxxer.hikari.pool.ProxyPreparedStatement.execute(ProxyPreparedStatement.java:44)
1. SELECT pic
        FROM feed_pics
        WHERE feed_id = 13
 {executed in 1 msec}
[2024-12-03 09:29:04 INFO http-nio-8080-exec-7] [jdbc.resultsettable] 
|-----------------------------------------|
|pic                                      |
|-----------------------------------------|
|085cd289-1b97-4c55-826d-fd3d9c0e2420.jpg |
|1411b7e3-5116-498c-a588-4ef541bc7365.jpg |
|15d5849a-3407-4d95-a7bf-25552fc61682.jpg |
|bc52ed31-e710-4791-908b-49a9820f5f6f.jpg |
|d394746f-9a83-4d89-85c2-82cfee61f432.jpg |
|-----------------------------------------|

[2024-12-03 09:29:04 DEBUGhttp-nio-8080-exec-7] [jdbc.sqltiming]  com.zaxxer.hikari.pool.ProxyPreparedStatement.execute(ProxyPreparedStatement.java:44)
1. SELECT a.feed_comment_id as feedCommentId
             , a.comment
             , b.user_id as writerUserId
             , IF(b.nick_name IS NULL, b.uid, b.nick_name)
             , b.pic as writerPic
         FROM feed_comments a
        INNER JOIN user b
           ON a.user_id = b.user_id
        WHERE a.feed_id = 13
        ORDER BY a.feed_id desc
        LIMIT 0, 4
 {executed in 1 msec}
[2024-12-03 09:29:04 INFO http-nio-8080-exec-7] [jdbc.resultsettable] 
|----------------|--------|--------|--------------------------------------------|-----------------------------------------|
|feed_comment_id |comment |user_id |if(b.nick_name is null, b.uid, b.nick_name) |pic                                      |
|----------------|--------|--------|--------------------------------------------|-----------------------------------------|
|6               |대박이다    |1       |123                                         |96f23637-9456-4dd1-8132-03e495868fbc.jpg |
|----------------|--------|--------|--------------------------------------------|-----------------------------------------|

[2024-12-03 09:29:04 DEBUGhttp-nio-8080-exec-7] [jdbc.sqltiming]  com.zaxxer.hikari.pool.ProxyPreparedStatement.execute(ProxyPreparedStatement.java:44)
1. SELECT pic
        FROM feed_pics
        WHERE feed_id = 11
 {executed in 0 msec}
[2024-12-03 09:29:04 INFO http-nio-8080-exec-7] [jdbc.resultsettable] 
|-----------------------------------------|
|pic                                      |
|-----------------------------------------|
|2ff4df65-8760-4741-9049-7d544a917c11.jpg |
|5206c023-75b5-4ad0-959b-fba1d686964b.jpg |
|7ad82d87-a794-4f9b-9df2-71281205a98f.jpg |
|bb813508-03e4-49db-a8a1-3fffe0afc9f5.jpg |
|-----------------------------------------|

[2024-12-03 09:29:04 DEBUGhttp-nio-8080-exec-7] [jdbc.sqltiming]  com.zaxxer.hikari.pool.ProxyPreparedStatement.execute(ProxyPreparedStatement.java:44)
1. SELECT a.feed_comment_id as feedCommentId
             , a.comment
             , b.user_id as writerUserId
             , IF(b.nick_name IS NULL, b.uid, b.nick_name)
             , b.pic as writerPic
         FROM feed_comments a
        INNER JOIN user b
           ON a.user_id = b.user_id
        WHERE a.feed_id = 11
        ORDER BY a.feed_id desc
        LIMIT 0, 4
 {executed in 0 msec}
[2024-12-03 09:29:04 INFO http-nio-8080-exec-7] [jdbc.resultsettable] 
|----------------|--------|--------|--------------------------------------------|-----------------------------------------|
|feed_comment_id |comment |user_id |if(b.nick_name is null, b.uid, b.nick_name) |pic                                      |
|----------------|--------|--------|--------------------------------------------|-----------------------------------------|
|7               |팬이에요    |1       |123                                         |96f23637-9456-4dd1-8132-03e495868fbc.jpg |
|----------------|--------|--------|--------------------------------------------|-----------------------------------------|

[2024-12-03 09:29:04 DEBUGhttp-nio-8080-exec-7] [jdbc.sqltiming]  com.zaxxer.hikari.pool.ProxyPreparedStatement.execute(ProxyPreparedStatement.java:44)
1. SELECT pic
        FROM feed_pics
        WHERE feed_id = 10
 {executed in 0 msec}
[2024-12-03 09:29:04 INFO http-nio-8080-exec-7] [jdbc.resultsettable] 
|-----------------------------------------|
|pic                                      |
|-----------------------------------------|
|00347c4c-a59b-4656-be53-ea553e15db48.png |
|186e42db-9cfc-4498-878e-8e6cb059ad3a.png |
|1f860ce4-33c5-426b-abb1-453146d68f12.png |
|c819d6be-9050-4ba5-87d9-1b65450a4b7b.jpg |
|d9070b61-cdc7-4754-a690-d6916c8c9041.jpg |
|-----------------------------------------|

[2024-12-03 09:29:04 DEBUGhttp-nio-8080-exec-7] [jdbc.sqltiming]  com.zaxxer.hikari.pool.ProxyPreparedStatement.execute(ProxyPreparedStatement.java:44)
1. SELECT a.feed_comment_id as feedCommentId
             , a.comment
             , b.user_id as writerUserId
             , IF(b.nick_name IS NULL, b.uid, b.nick_name)
             , b.pic as writerPic
         FROM feed_comments a
        INNER JOIN user b
           ON a.user_id = b.user_id
        WHERE a.feed_id = 10
        ORDER BY a.feed_id desc
        LIMIT 0, 4
 {executed in 1 msec}
[2024-12-03 09:29:04 INFO http-nio-8080-exec-7] [jdbc.resultsettable] 
|----------------|----------|--------|--------------------------------------------|-----------------------------------------|
|feed_comment_id |comment   |user_id |if(b.nick_name is null, b.uid, b.nick_name) |pic                                      |
|----------------|----------|--------|--------------------------------------------|-----------------------------------------|
|8               |저랑 사진 한번만 |1       |123                                         |96f23637-9456-4dd1-8132-03e495868fbc.jpg |
|----------------|----------|--------|--------------------------------------------|-----------------------------------------|

[2024-12-03 09:29:04 DEBUGhttp-nio-8080-exec-7] [jdbc.sqltiming]  com.zaxxer.hikari.pool.ProxyPreparedStatement.execute(ProxyPreparedStatement.java:44)
1. SELECT pic
        FROM feed_pics
        WHERE feed_id = 9
 {executed in 1 msec}
[2024-12-03 09:29:04 INFO http-nio-8080-exec-7] [jdbc.resultsettable] 
|-----------------------------------------|
|pic                                      |
|-----------------------------------------|
|1c84b819-e437-4202-adcc-d669a92b2a78.png |
|1da2e6ba-995a-4064-bdd0-399deccb9d2e.png |
|3de76dfd-a152-42a5-93bc-7de6c4fe8825.png |
|513a692a-42c9-4eb4-aec8-5649780de4cb.png |
|710f98b6-c846-4e74-8cce-ef59cec1ebcf.png |
|77d199e7-fe19-4bb9-a108-ca70839a6607.png |
|94b37f82-0bb3-4ce6-80b5-c28f98bcce7a.png |
|a60aa52a-29e5-4d31-aab9-142a535b2fff.png |
|b285f470-3ec7-45e0-82dd-f6a3af45191e.png |
|c0fc9a57-66b4-4b04-975f-87584325b683.png |
|-----------------------------------------|

[2024-12-03 09:29:04 DEBUGhttp-nio-8080-exec-7] [jdbc.sqltiming]  com.zaxxer.hikari.pool.ProxyPreparedStatement.execute(ProxyPreparedStatement.java:44)
1. SELECT a.feed_comment_id as feedCommentId
             , a.comment
             , b.user_id as writerUserId
             , IF(b.nick_name IS NULL, b.uid, b.nick_name)
             , b.pic as writerPic
         FROM feed_comments a
        INNER JOIN user b
           ON a.user_id = b.user_id
        WHERE a.feed_id = 9
        ORDER BY a.feed_id desc
        LIMIT 0, 4
 {executed in 0 msec}
[2024-12-03 09:29:04 INFO http-nio-8080-exec-7] [jdbc.resultsettable] 
|----------------|--------|--------|--------------------------------------------|----|
|feed_comment_id |comment |user_id |if(b.nick_name is null, b.uid, b.nick_name) |pic |
|----------------|--------|--------|--------------------------------------------|----|
|----------------|--------|--------|--------------------------------------------|----|

[2024-12-03 09:29:04 DEBUGhttp-nio-8080-exec-7] [jdbc.sqltiming]  com.zaxxer.hikari.pool.ProxyPreparedStatement.execute(ProxyPreparedStatement.java:44)
1. SELECT pic
        FROM feed_pics
        WHERE feed_id = 8
 {executed in 0 msec}
[2024-12-03 09:29:04 INFO http-nio-8080-exec-7] [jdbc.resultsettable] 
|-----------------------------------------|
|pic                                      |
|-----------------------------------------|
|2cde62fe-9dd4-4e9e-ac11-25a2559eff9b.jpg |
|5be780f6-66e0-4e59-9054-4a1141794d67.jpg |
|856a2baa-d782-4c35-8482-da6b9dce7fb6.png |
|875f3f7c-38a9-4527-92d2-25fd842ac921.jpg |
|bb0f6389-936b-4d21-86e4-0f3bb64b2adb.jpg |
|c707f9f8-8e73-417d-86dd-677ce6545652.png |
|df935b5e-939a-4dfe-ba20-b1d713a7573d.png |
|e9cce468-9e3e-46c7-977e-07dbdc04b05f.jpg |
|f21b9066-9e91-4227-b392-bf264dc9f7e9.png |
|-----------------------------------------|

[2024-12-03 09:29:04 DEBUGhttp-nio-8080-exec-7] [jdbc.sqltiming]  com.zaxxer.hikari.pool.ProxyPreparedStatement.execute(ProxyPreparedStatement.java:44)
1. SELECT a.feed_comment_id as feedCommentId
             , a.comment
             , b.user_id as writerUserId
             , IF(b.nick_name IS NULL, b.uid, b.nick_name)
             , b.pic as writerPic
         FROM feed_comments a
        INNER JOIN user b
           ON a.user_id = b.user_id
        WHERE a.feed_id = 8
        ORDER BY a.feed_id desc
        LIMIT 0, 4
 {executed in 1 msec}
[2024-12-03 09:29:04 INFO http-nio-8080-exec-7] [jdbc.resultsettable] 
|----------------|--------|--------|--------------------------------------------|----|
|feed_comment_id |comment |user_id |if(b.nick_name is null, b.uid, b.nick_name) |pic |
|----------------|--------|--------|--------------------------------------------|----|
|----------------|--------|--------|--------------------------------------------|----|

[2024-12-03 09:29:04 DEBUGhttp-nio-8080-exec-7] [jdbc.sqltiming]  com.zaxxer.hikari.pool.ProxyPreparedStatement.execute(ProxyPreparedStatement.java:44)
1. SELECT pic
        FROM feed_pics
        WHERE feed_id = 6
 {executed in 0 msec}
[2024-12-03 09:29:04 INFO http-nio-8080-exec-7] [jdbc.resultsettable] 
|-----------------------------------------|
|pic                                      |
|-----------------------------------------|
|166a88ce-b3d6-4e7a-bc94-dc3218b25d5e.jpg |
|6eae3740-ff11-40d7-ac65-bc3acba4537b.jpg |
|-----------------------------------------|

[2024-12-03 09:29:04 DEBUGhttp-nio-8080-exec-7] [jdbc.sqltiming]  com.zaxxer.hikari.pool.ProxyPreparedStatement.execute(ProxyPreparedStatement.java:44)
1. SELECT a.feed_comment_id as feedCommentId
             , a.comment
             , b.user_id as writerUserId
             , IF(b.nick_name IS NULL, b.uid, b.nick_name)
             , b.pic as writerPic
         FROM feed_comments a
        INNER JOIN user b
           ON a.user_id = b.user_id
        WHERE a.feed_id = 6
        ORDER BY a.feed_id desc
        LIMIT 0, 4
 {executed in 0 msec}
[2024-12-03 09:29:04 INFO http-nio-8080-exec-7] [jdbc.resultsettable] 
|----------------|--------|--------|--------------------------------------------|----|
|feed_comment_id |comment |user_id |if(b.nick_name is null, b.uid, b.nick_name) |pic |
|----------------|--------|--------|--------------------------------------------|----|
|----------------|--------|--------|--------------------------------------------|----|

[2024-12-03 09:29:04 DEBUGhttp-nio-8080-exec-7] [jdbc.sqltiming]  com.zaxxer.hikari.pool.ProxyPreparedStatement.execute(ProxyPreparedStatement.java:44)
1. SELECT pic
        FROM feed_pics
        WHERE feed_id = 5
 {executed in 0 msec}
[2024-12-03 09:29:04 INFO http-nio-8080-exec-7] [jdbc.resultsettable] 
|-----------------------------------------|
|pic                                      |
|-----------------------------------------|
|2eaf7ff1-19ca-4084-9e1e-44198735481c.jpg |
|8f7cc6b7-d60b-47e3-86ef-db11712fe577.jpg |
|ac638da8-68b4-4b9b-9226-aa1d8d9ef5bc.jpg |
|-----------------------------------------|

[2024-12-03 09:29:04 DEBUGhttp-nio-8080-exec-7] [jdbc.sqltiming]  com.zaxxer.hikari.pool.ProxyPreparedStatement.execute(ProxyPreparedStatement.java:44)
1. SELECT a.feed_comment_id as feedCommentId
             , a.comment
             , b.user_id as writerUserId
             , IF(b.nick_name IS NULL, b.uid, b.nick_name)
             , b.pic as writerPic
         FROM feed_comments a
        INNER JOIN user b
           ON a.user_id = b.user_id
        WHERE a.feed_id = 5
        ORDER BY a.feed_id desc
        LIMIT 0, 4
 {executed in 0 msec}
[2024-12-03 09:29:04 INFO http-nio-8080-exec-7] [jdbc.resultsettable] 
|----------------|--------|--------|--------------------------------------------|----|
|feed_comment_id |comment |user_id |if(b.nick_name is null, b.uid, b.nick_name) |pic |
|----------------|--------|--------|--------------------------------------------|----|
|----------------|--------|--------|--------------------------------------------|----|

[2024-12-03 09:29:04 DEBUGhttp-nio-8080-exec-7] [jdbc.sqltiming]  com.zaxxer.hikari.pool.ProxyPreparedStatement.execute(ProxyPreparedStatement.java:44)
1. SELECT pic
        FROM feed_pics
        WHERE feed_id = 3
 {executed in 1 msec}
[2024-12-03 09:29:04 INFO http-nio-8080-exec-7] [jdbc.resultsettable] 
|------------------------------------------|
|pic                                       |
|------------------------------------------|
|56dd8c10-4cc7-407e-b863-6f9815ae0c95.webp |
|a583914b-93e1-42e8-bde7-0bfdaa93a868.jpg  |
|------------------------------------------|

[2024-12-03 09:29:04 DEBUGhttp-nio-8080-exec-7] [jdbc.sqltiming]  com.zaxxer.hikari.pool.ProxyPreparedStatement.execute(ProxyPreparedStatement.java:44)
1. SELECT a.feed_comment_id as feedCommentId
             , a.comment
             , b.user_id as writerUserId
             , IF(b.nick_name IS NULL, b.uid, b.nick_name)
             , b.pic as writerPic
         FROM feed_comments a
        INNER JOIN user b
           ON a.user_id = b.user_id
        WHERE a.feed_id = 3
        ORDER BY a.feed_id desc
        LIMIT 0, 4
 {executed in 0 msec}
[2024-12-03 09:29:04 INFO http-nio-8080-exec-7] [jdbc.resultsettable] 
|----------------|--------|--------|--------------------------------------------|----|
|feed_comment_id |comment |user_id |if(b.nick_name is null, b.uid, b.nick_name) |pic |
|----------------|--------|--------|--------------------------------------------|----|
|----------------|--------|--------|--------------------------------------------|----|

[2024-12-03 09:29:04 DEBUGhttp-nio-8080-exec-7] [jdbc.sqltiming]  com.zaxxer.hikari.pool.ProxyPreparedStatement.execute(ProxyPreparedStatement.java:44)
1. SELECT pic
        FROM feed_pics
        WHERE feed_id = 2
 {executed in 0 msec}
[2024-12-03 09:29:04 INFO http-nio-8080-exec-7] [jdbc.resultsettable] 
|-----------------------------------------|
|pic                                      |
|-----------------------------------------|
|c47dd806-2ef2-4895-b349-c28b3feaba9a.jpg |
|e6b785de-e437-40eb-ab1a-47420e80eecf.jpg |
|-----------------------------------------|

[2024-12-03 09:29:04 DEBUGhttp-nio-8080-exec-7] [jdbc.sqltiming]  com.zaxxer.hikari.pool.ProxyPreparedStatement.execute(ProxyPreparedStatement.java:44)
1. SELECT a.feed_comment_id as feedCommentId
             , a.comment
             , b.user_id as writerUserId
             , IF(b.nick_name IS NULL, b.uid, b.nick_name)
             , b.pic as writerPic
         FROM feed_comments a
        INNER JOIN user b
           ON a.user_id = b.user_id
        WHERE a.feed_id = 2
        ORDER BY a.feed_id desc
        LIMIT 0, 4
 {executed in 0 msec}
[2024-12-03 09:29:04 INFO http-nio-8080-exec-7] [jdbc.resultsettable] 
|----------------|----------|--------|--------------------------------------------|-----------------------------------------|
|feed_comment_id |comment   |user_id |if(b.nick_name is null, b.uid, b.nick_name) |pic                                      |
|----------------|----------|--------|--------------------------------------------|-----------------------------------------|
|12              |흰둥이 유치원가자 |1       |123                                         |96f23637-9456-4dd1-8132-03e495868fbc.jpg |
|13              |빨리 나와라    |1       |123                                         |96f23637-9456-4dd1-8132-03e495868fbc.jpg |
|----------------|----------|--------|--------------------------------------------|-----------------------------------------|

